<?xml version="1.0" encoding="UTF-8"?>
<!-- Generated by org.testng.reporters.JUnitXMLReporter -->
<testsuite ignored="2" hostname="DESKTOP-E21T489" failures="0" tests="1" name="Default test" time="281.338" errors="0" timestamp="2022-05-23T10:49:39 IST">
  <testcase classname="com.whitemastery.EditingTablePlans" name="removingTablePlans" time="260.808"/>
  <testcase classname="com.whitemastery.EditingTablePlans" name="editingTablePlans" time="0.0">
    <ignored/>
  </testcase> <!-- editingTablePlans -->
  <testcase classname="com.whitemastery.EditingTablePlans" name="creatingPlan" time="0.0">
    <ignored/>
  </testcase> <!-- creatingPlan -->
</testsuite> <!-- Default test -->
